<?xml version="1.0" encoding="UTF-8"?>
<!-- Generated by org.testng.reporters.JUnitXMLReporter -->
<testsuite ignored="0" hostname="DESKTOP-B4EGA60" failures="0" tests="1" name="Test-0" time="32.016" errors="0" timestamp="2025-06-29T11:49:48 IST">
  <testcase classname="testScript.SwagLabsTest" name="testAddItemsAndCheckout" time="6.29"/>
</testsuite> <!-- Test-0 -->
