<?xml version="1.0" encoding="UTF-8"?>
<!-- Generated by org.testng.reporters.JUnitReportReporter -->
<testsuite hostname="DESKTOP-B4EGA60" failures="0" tests="1" name="testScript.SwagLabsTest" time="2.525" errors="0" timestamp="2025-06-26T11:05:49 IST" skipped="0">
  <testcase classname="testScript.SwagLabsTest" name="testAddItemsAndCheckout" time="2.525"/>
</testsuite> <!-- testScript.SwagLabsTest -->
