<?xml version="1.0" encoding="UTF-8"?>
<!-- Generated by org.testng.reporters.JUnitReportReporter -->
<testsuite hostname="DESKTOP-B4EGA60" failures="0" tests="3" name="testScript.SwagLabsTest" time="72.304" errors="0" timestamp="2025-06-29T11:50:20 IST" skipped="0">
  <testcase classname="testScript.SwagLabsTest" name="testAddItemsAndCheckout" time="20.288"/>
  <testcase classname="testScript.SwagLabsTest" name="testAddItemsAndCheckout" time="19.897"/>
  <testcase classname="testScript.SwagLabsTest" name="testAddItemsAndCheckout" time="32.119"/>
</testsuite> <!-- testScript.SwagLabsTest -->
